<?xml version="1.0" encoding="UTF-8"?>
<testsuite xmlns:xsi="http://www.w3.org/2001/XMLSchema-instance" xsi:noNamespaceSchemaLocation="https://maven.apache.org/surefire/maven-surefire-plugin/xsd/surefire-test-report.xsd" name="com.diplom.two.UserModificationTests" time="13.587" tests="9" errors="0" skipped="0" failures="0">
  <properties>
[...]
</properties>
  <testcase name="testLoginUserWrongCredentials" classname="com.diplom.two.UserModificationTests" time="0.357"/>
  <testcase name="testLogoutUserSuccess" classname="com.diplom.two.UserModificationTests" time="2.347"/>
  <testcase name="testLoginUserSuccess" classname="com.diplom.two.UserModificationTests" time="1.672"/>
  <testcase name="testRegisterUserSuccess" classname="com.diplom.two.UserModificationTests" time="1.124"/>
  <testcase name="testUpdateUserEmailToExisting" classname="com.diplom.two.UserModificationTests" time="1.952"/>
  <testcase name="testTokenRefresh" classname="com.diplom.two.UserModificationTests" time="2.552"/>
  <testcase name="testGetUserInfo" classname="com.diplom.two.UserModificationTests" time="1.539"/>
  <testcase name="testUpdateUserInfoWithoutAuth" classname="com.diplom.two.UserModificationTests" time="0.405"/>
  <testcase name="testUpdateUserInfoWithAuth" classname="com.diplom.two.UserModificationTests" time="1.638"/>
</testsuite>